c:\users\mikolaj\source\repos\pacman_snake\pacman_snake\debug\vc141.pdb
c:\users\mikolaj\source\repos\pacman_snake\pacman_snake\debug\vc141.idb
c:\users\mikolaj\source\repos\pacman_snake\pacman_snake\debug\trolleyghost.obj
c:\users\mikolaj\source\repos\pacman_snake\pacman_snake\debug\pacman_snake.obj
c:\users\mikolaj\source\repos\pacman_snake\pacman_snake\debug\pacman.obj
c:\users\mikolaj\source\repos\pacman_snake\pacman_snake\debug\other.obj
c:\users\mikolaj\source\repos\pacman_snake\pacman_snake\debug\ghost.obj
c:\users\mikolaj\source\repos\pacman_snake\pacman_snake\debug\pacman_snake.pch
c:\users\mikolaj\source\repos\pacman_snake\pacman_snake\debug\pch.obj
c:\users\mikolaj\source\repos\pacman_snake\pacman_snake\debug\tilemap.obj
c:\users\mikolaj\source\repos\pacman_snake\pacman_snake\debug\menu.obj
c:\users\mikolaj\source\repos\pacman_snake\debug\pacman_snake.exe
c:\users\mikolaj\source\repos\pacman_snake\debug\pacman_snake.ilk
c:\users\mikolaj\source\repos\pacman_snake\debug\pacman_snake.pdb
c:\users\mikolaj\source\repos\pacman_snake\pacman_snake\debug\vcpkg.applocal.log
c:\users\mikolaj\source\repos\pacman_snake\pacman_snake\debug\pacman_snake.tlog\cl.command.1.tlog
c:\users\mikolaj\source\repos\pacman_snake\pacman_snake\debug\pacman_snake.tlog\cl.read.1.tlog
c:\users\mikolaj\source\repos\pacman_snake\pacman_snake\debug\pacman_snake.tlog\cl.write.1.tlog
c:\users\mikolaj\source\repos\pacman_snake\pacman_snake\debug\pacman_snake.tlog\link.command.1.tlog
c:\users\mikolaj\source\repos\pacman_snake\pacman_snake\debug\pacman_snake.tlog\link.read.1.tlog
c:\users\mikolaj\source\repos\pacman_snake\pacman_snake\debug\pacman_snake.tlog\link.write.1.tlog
c:\users\mikolaj\source\repos\pacman_snake\pacman_snake\debug\pacman_snake.tlog\pacman_snake.write.1u.tlog
